   1              		.syntax unified
   2              		.cpu cortex-m3
   3              		.fpu softvfp
   4              		.eabi_attribute 20, 1
   5              		.eabi_attribute 21, 1
   6              		.eabi_attribute 23, 3
   7              		.eabi_attribute 24, 1
   8              		.eabi_attribute 25, 1
   9              		.eabi_attribute 26, 1
  10              		.eabi_attribute 30, 4
  11              		.eabi_attribute 34, 1
  12              		.eabi_attribute 18, 4
  13              		.thumb
  14              		.file	"usb_descriptor.c"
  15              		.text
  16              	.Ltext0:
  17              		.cfi_sections	.debug_frame
  18              		.global	usbStringDescriptor
  19              		.global	u8_usbStringInterface
  20              		.global	u8_usbStringAlt0
  21              		.global	u8_usbStringSerial
  22              		.global	u8_usbStringProduct
  23              		.global	u8_usbStringVendor
  24              		.global	u8_usbStringLangId
  25              		.global	usbConfigDescriptorDFU
  26              		.global	u8_usbConfigDescriptorDFU
  27              		.global	usbFunctionalDescriptor
  28              		.global	u8_usbFunctionalDescriptor
  29              		.global	usbDeviceDescriptorDFU
  30              		.global	u8_usbDeviceDescriptorDFU
  31              		.comm	wTransferSize,4,4
  32              		.section	.data.usbStringDescriptor,"aw",%progbits
  33              		.align	2
  36              	usbStringDescriptor:
  37 0000 00000000 		.word	u8_usbStringLangId
  38 0004 0400     		.short	4
  39 0006 0000     		.space	2
  40 0008 00000000 		.word	u8_usbStringVendor
  41 000c 1E00     		.short	30
  42 000e 0000     		.space	2
  43 0010 00000000 		.word	u8_usbStringProduct
  44 0014 1600     		.short	22
  45 0016 0000     		.space	2
  46 0018 00000000 		.word	u8_usbStringSerial
  47 001c 1400     		.short	20
  48 001e 0000     		.space	2
  49 0020 00000000 		.word	u8_usbStringAlt0
  50 0024 5000     		.short	80
  51 0026 0000     		.space	2
  52 0028 00000000 		.space	16
  52      00000000 
  52      00000000 
  52      00000000 
  53              		.section	.data.u8_usbDeviceDescriptorDFU,"aw",%progbits
  56              	u8_usbDeviceDescriptorDFU:
  57 0000 12       		.byte	18
  58 0001 01       		.byte	1
  59 0002 00       		.byte	0
  60 0003 01       		.byte	1
  61 0004 00       		.byte	0
  62 0005 00       		.byte	0
  63 0006 00       		.byte	0
  64 0007 40       		.byte	64
  65 0008 03       		.byte	3
  66 0009 02       		.byte	2
  67 000a 03       		.byte	3
  68 000b 00       		.byte	0
  69 000c 01       		.byte	1
  70 000d 02       		.byte	2
  71 000e 01       		.byte	1
  72 000f 02       		.byte	2
  73 0010 03       		.byte	3
  74 0011 01       		.byte	1
  75              		.section	.data.usbFunctionalDescriptor,"aw",%progbits
  76              		.align	2
  79              	usbFunctionalDescriptor:
  80 0000 00000000 		.word	u8_usbFunctionalDescriptor
  81 0004 0900     		.short	9
  82 0006 0000     		.space	2
  83              		.section	.data.u8_usbStringLangId,"aw",%progbits
  86              	u8_usbStringLangId:
  87 0000 04       		.byte	4
  88 0001 03       		.byte	3
  89 0002 09       		.byte	9
  90 0003 04       		.byte	4
  91              		.section	.data.u8_usbConfigDescriptorDFU,"aw",%progbits
  94              	u8_usbConfigDescriptorDFU:
  95 0000 09       		.byte	9
  96 0001 02       		.byte	2
  97 0002 1B       		.byte	27
  98 0003 00       		.byte	0
  99 0004 01       		.byte	1
 100 0005 01       		.byte	1
 101 0006 00       		.byte	0
 102 0007 80       		.byte	-128
 103 0008 32       		.byte	50
 104 0009 09       		.byte	9
 105 000a 04       		.byte	4
 106 000b 00       		.byte	0
 107 000c 00       		.byte	0
 108 000d 00       		.byte	0
 109 000e FE       		.byte	-2
 110 000f 01       		.byte	1
 111 0010 02       		.byte	2
 112 0011 04       		.byte	4
 113 0012 09       		.byte	9
 114 0013 21       		.byte	33
 115 0014 03       		.byte	3
 116 0015 FF       		.byte	-1
 117 0016 00       		.byte	0
 118 0017 00       		.byte	0
 119 0018 08       		.byte	8
 120 0019 10       		.byte	16
 121 001a 01       		.byte	1
 122              		.section	.data.u8_usbStringSerial,"aw",%progbits
 125              	u8_usbStringSerial:
 126 0000 14       		.byte	20
 127 0001 03       		.byte	3
 128 0002 30       		.byte	48
 129 0003 00       		.byte	0
 130 0004 32       		.byte	50
 131 0005 00       		.byte	0
 132 0006 30       		.byte	48
 133 0007 00       		.byte	0
 134 0008 33       		.byte	51
 135 0009 00       		.byte	0
 136 000a 20       		.byte	32
 137 000b 00       		.byte	0
 138 000c 30       		.byte	48
 139 000d 00       		.byte	0
 140 000e 30       		.byte	48
 141 000f 00       		.byte	0
 142 0010 30       		.byte	48
 143 0011 00       		.byte	0
 144 0012 33       		.byte	51
 145 0013 00       		.byte	0
 146              		.section	.bss.u8_usbStringInterface,"aw",%nobits
 149              	u8_usbStringInterface:
 150 0000 00       		.space	1
 151              		.section	.data.u8_usbFunctionalDescriptor,"aw",%progbits
 154              	u8_usbFunctionalDescriptor:
 155 0000 09       		.byte	9
 156 0001 21       		.byte	33
 157 0002 03       		.byte	3
 158 0003 FF       		.byte	-1
 159 0004 00       		.byte	0
 160 0005 00       		.byte	0
 161 0006 08       		.byte	8
 162 0007 10       		.byte	16
 163 0008 01       		.byte	1
 164              		.section	.data.u8_usbStringVendor,"aw",%progbits
 167              	u8_usbStringVendor:
 168 0000 1E       		.byte	30
 169 0001 03       		.byte	3
 170 0002 32       		.byte	50
 171 0003 00       		.byte	0
 172 0004 30       		.byte	48
 173 0005 00       		.byte	0
 174 0006 33       		.byte	51
 175 0007 00       		.byte	0
 176 0008 20       		.byte	32
 177 0009 00       		.byte	0
 178 000a 49       		.byte	73
 179 000b 00       		.byte	0
 180 000c 6E       		.byte	110
 181 000d 00       		.byte	0
 182 000e 64       		.byte	100
 183 000f 00       		.byte	0
 184 0010 75       		.byte	117
 185 0011 00       		.byte	0
 186 0012 73       		.byte	115
 187 0013 00       		.byte	0
 188 0014 74       		.byte	116
 189 0015 00       		.byte	0
 190 0016 72       		.byte	114
 191 0017 00       		.byte	0
 192 0018 69       		.byte	105
 193 0019 00       		.byte	0
 194 001a 65       		.byte	101
 195 001b 00       		.byte	0
 196 001c 73       		.byte	115
 197 001d 00       		.byte	0
 198              		.section	.data.usbDeviceDescriptorDFU,"aw",%progbits
 199              		.align	2
 202              	usbDeviceDescriptorDFU:
 203 0000 00000000 		.word	u8_usbDeviceDescriptorDFU
 204 0004 1200     		.short	18
 205 0006 0000     		.space	2
 206              		.section	.data.u8_usbStringProduct,"aw",%progbits
 209              	u8_usbStringProduct:
 210 0000 16       		.byte	22
 211 0001 03       		.byte	3
 212 0002 4D       		.byte	77
 213 0003 00       		.byte	0
 214 0004 61       		.byte	97
 215 0005 00       		.byte	0
 216 0006 74       		.byte	116
 217 0007 00       		.byte	0
 218 0008 72       		.byte	114
 219 0009 00       		.byte	0
 220 000a 69       		.byte	105
 221 000b 00       		.byte	0
 222 000c 78       		.byte	120
 223 000d 00       		.byte	0
 224 000e 20       		.byte	32
 225 000f 00       		.byte	0
 226 0010 44       		.byte	68
 227 0011 00       		.byte	0
 228 0012 46       		.byte	70
 229 0013 00       		.byte	0
 230 0014 55       		.byte	85
 231 0015 00       		.byte	0
 232              		.section	.data.u8_usbStringAlt0,"aw",%progbits
 235              	u8_usbStringAlt0:
 236 0000 50       		.byte	80
 237 0001 03       		.byte	3
 238 0002 4D       		.byte	77
 239 0003 00       		.byte	0
 240 0004 61       		.byte	97
 241 0005 00       		.byte	0
 242 0006 74       		.byte	116
 243 0007 00       		.byte	0
 244 0008 72       		.byte	114
 245 0009 00       		.byte	0
 246 000a 69       		.byte	105
 247 000b 00       		.byte	0
 248 000c 78       		.byte	120
 249 000d 00       		.byte	0
 250 000e 20       		.byte	32
 251 000f 00       		.byte	0
 252 0010 42       		.byte	66
 253 0011 00       		.byte	0
 254 0012 6F       		.byte	111
 255 0013 00       		.byte	0
 256 0014 6F       		.byte	111
 257 0015 00       		.byte	0
 258 0016 74       		.byte	116
 259 0017 00       		.byte	0
 260 0018 6C       		.byte	108
 261 0019 00       		.byte	0
 262 001a 6F       		.byte	111
 263 001b 00       		.byte	0
 264 001c 61       		.byte	97
 265 001d 00       		.byte	0
 266 001e 64       		.byte	100
 267 001f 00       		.byte	0
 268 0020 65       		.byte	101
 269 0021 00       		.byte	0
 270 0022 72       		.byte	114
 271 0023 00       		.byte	0
 272 0024 20       		.byte	32
 273 0025 00       		.byte	0
 274 0026 76       		.byte	118
 275 0027 00       		.byte	0
 276 0028 31       		.byte	49
 277 0029 00       		.byte	0
 278 002a 2E       		.byte	46
 279 002b 00       		.byte	0
 280 002c 32       		.byte	50
 281 002d 00       		.byte	0
 282 002e 20       		.byte	32
 283 002f 00       		.byte	0
 284 0030 20       		.byte	32
 285 0031 00       		.byte	0
 286 0032 55       		.byte	85
 287 0033 00       		.byte	0
 288 0034 70       		.byte	112
 289 0035 00       		.byte	0
 290 0036 6C       		.byte	108
 291 0037 00       		.byte	0
 292 0038 6F       		.byte	111
 293 0039 00       		.byte	0
 294 003a 61       		.byte	97
 295 003b 00       		.byte	0
 296 003c 64       		.byte	100
 297 003d 00       		.byte	0
 298 003e 20       		.byte	32
 299 003f 00       		.byte	0
 300 0040 46       		.byte	70
 301 0041 00       		.byte	0
 302 0042 69       		.byte	105
 303 0043 00       		.byte	0
 304 0044 72       		.byte	114
 305 0045 00       		.byte	0
 306 0046 6D       		.byte	109
 307 0047 00       		.byte	0
 308 0048 77       		.byte	119
 309 0049 00       		.byte	0
 310 004a 61       		.byte	97
 311 004b 00       		.byte	0
 312 004c 72       		.byte	114
 313 004d 00       		.byte	0
 314 004e 65       		.byte	101
 315 004f 00       		.byte	0
 316              		.section	.data.usbConfigDescriptorDFU,"aw",%progbits
 317              		.align	2
 320              	usbConfigDescriptorDFU:
 321 0000 00000000 		.word	u8_usbConfigDescriptorDFU
 322 0004 1B00     		.short	27
 323 0006 0000     		.space	2
 324              		.text
 325              	.Letext0:
 326              		.file 1 "./stm32_lib/stm32f10x_type.h"
 327              		.file 2 "./usb_lib/usb_core.h"
 328              		.file 3 "usb.h"
 329              		.file 4 "usb_descriptor.c"
DEFINED SYMBOLS
                            *ABS*:0000000000000000 usb_descriptor.c
     /tmp/ccKEAB22.s:36     .data.usbStringDescriptor:0000000000000000 usbStringDescriptor
     /tmp/ccKEAB22.s:149    .bss.u8_usbStringInterface:0000000000000000 u8_usbStringInterface
     /tmp/ccKEAB22.s:235    .data.u8_usbStringAlt0:0000000000000000 u8_usbStringAlt0
     /tmp/ccKEAB22.s:125    .data.u8_usbStringSerial:0000000000000000 u8_usbStringSerial
     /tmp/ccKEAB22.s:209    .data.u8_usbStringProduct:0000000000000000 u8_usbStringProduct
     /tmp/ccKEAB22.s:167    .data.u8_usbStringVendor:0000000000000000 u8_usbStringVendor
     /tmp/ccKEAB22.s:86     .data.u8_usbStringLangId:0000000000000000 u8_usbStringLangId
     /tmp/ccKEAB22.s:320    .data.usbConfigDescriptorDFU:0000000000000000 usbConfigDescriptorDFU
     /tmp/ccKEAB22.s:94     .data.u8_usbConfigDescriptorDFU:0000000000000000 u8_usbConfigDescriptorDFU
     /tmp/ccKEAB22.s:79     .data.usbFunctionalDescriptor:0000000000000000 usbFunctionalDescriptor
     /tmp/ccKEAB22.s:154    .data.u8_usbFunctionalDescriptor:0000000000000000 u8_usbFunctionalDescriptor
     /tmp/ccKEAB22.s:202    .data.usbDeviceDescriptorDFU:0000000000000000 usbDeviceDescriptorDFU
     /tmp/ccKEAB22.s:56     .data.u8_usbDeviceDescriptorDFU:0000000000000000 u8_usbDeviceDescriptorDFU
                            *COM*:0000000000000004 wTransferSize
     /tmp/ccKEAB22.s:33     .data.usbStringDescriptor:0000000000000000 $d
     /tmp/ccKEAB22.s:76     .data.usbFunctionalDescriptor:0000000000000000 $d
     /tmp/ccKEAB22.s:150    .bss.u8_usbStringInterface:0000000000000000 $d
     /tmp/ccKEAB22.s:199    .data.usbDeviceDescriptorDFU:0000000000000000 $d
     /tmp/ccKEAB22.s:317    .data.usbConfigDescriptorDFU:0000000000000000 $d

NO UNDEFINED SYMBOLS
